{"level":"info","ts":1774959372.8763773,"caller":"salon_db/middlware.go:45","msg":"completed request","method":"GET","path":"/users","status":200,"duration":0.001546196}
{"level":"info","ts":1774959376.0209703,"caller":"salon_db/middlware.go:45","msg":"completed request","method":"GET","path":"/users","status":200,"duration":0.000677236}
{"level":"info","ts":1774959376.6868272,"caller":"salon_db/middlware.go:45","msg":"completed request","method":"GET","path":"/users","status":200,"duration":0.000377568}
{"level":"info","ts":1774961617.2885776,"caller":"salon_db/middlware.go:45","msg":"completed request","method":"GET","path":"/users","status":200,"duration":0.001528088}
{"level":"info","ts":1774961631.039284,"caller":"salon_db/middlware.go:45","msg":"completed request","method":"GET","path":"/users","status":200,"duration":0.000648611}
{"level":"info","ts":1774961696.4316792,"caller":"salon_db/middlware.go:45","msg":"completed request","method":"GET","path":"/users","status":200,"duration":0.002019098}
{"level":"info","ts":1774962191.7166548,"caller":"salon_db/middlware.go:45","msg":"completed request","method":"POST","path":"/users","status":401,"duration":0.00005562}
{"level":"info","ts":1774962349.7121255,"caller":"salon_db/middlware.go:45","msg":"completed request","method":"POST","path":"/users","status":401,"duration":0.000049672}
{"level":"info","ts":1774962366.9847975,"caller":"salon_db/middlware.go:45","msg":"completed request","method":"POST","path":"/users","status":401,"duration":0.000019121}
{"level":"info","ts":1774962376.678563,"caller":"salon_db/middlware.go:45","msg":"completed request","method":"POST","path":"/users","status":201,"duration":0.013845745}
{"level":"info","ts":1774962396.5487626,"caller":"salon_db/middlware.go:45","msg":"completed request","method":"POST","path":"/users","status":500,"duration":0.001131978}
{"level":"info","ts":1774990543.0359173,"caller":"salon_db/middlware.go:45","msg":"completed request","method":"POST","path":"/users","status":500,"duration":0.012929043}
{"level":"info","ts":1775128382.0862262,"caller":"salon_db/middlware.go:45","msg":"completed request","method":"GET","path":"/users","status":200,"duration":0.19649323}
{"level":"info","ts":1775128452.1837502,"caller":"salon_db/middlware.go:45","msg":"completed request","method":"GET","path":"/users","status":200,"duration":0.001921611}
{"level":"info","ts":1775128496.355137,"caller":"salon_db/middlware.go:45","msg":"completed request","method":"GET","path":"/users","status":200,"duration":0.002478894}
{"level":"info","ts":1775130557.8762734,"caller":"salon_db/middlware.go:45","msg":"completed request","method":"GET","path":"/users","status":200,"duration":0.001734081}
{"level":"info","ts":1775130563.9553766,"caller":"salon_db/middlware.go:45","msg":"completed request","method":"GET","path":"/users","status":200,"duration":0.000761927}
{"level":"info","ts":1775130914.3274732,"caller":"salon_db/middlware.go:45","msg":"completed request","method":"GET","path":"/users","status":200,"duration":4.004722693}
{"level":"info","ts":1775130935.019119,"caller":"salon_db/middlware.go:45","msg":"completed request","method":"GET","path":"/users","status":200,"duration":4.004852736}
{"level":"info","ts":1775130972.970327,"caller":"salon_db/middlware.go:45","msg":"completed request","method":"GET","path":"/users","status":200,"duration":4.005139228}
{"level":"info","ts":1775131838.3909166,"caller":"salon_db/middlware.go:45","msg":"completed request","method":"GET","path":"/users","status":200,"duration":4.003158984}
{"level":"info","ts":1775131856.3515077,"caller":"salon_db/middlware.go:45","msg":"completed request","method":"GET","path":"/users","status":200,"duration":4.004654236}
{"level":"info","ts":1775216045.2318583,"caller":"salon_db/middlware.go:47","msg":"completed request","method":"GET","path":"/users","status":500,"duration":0.000143189}
{"level":"info","ts":1775216065.6324139,"caller":"salon_db/middlware.go:47","msg":"completed request","method":"GET","path":"/users","status":500,"duration":0.000044539}
{"level":"info","ts":1775216122.04272,"caller":"salon_db/middlware.go:47","msg":"completed request","method":"POST","path":"/users","status":201,"duration":0.16144393}
{"level":"info","ts":1775216126.2184427,"caller":"salon_db/middlware.go:47","msg":"completed request","method":"POST","path":"/users","status":500,"duration":0.001473442}
{"level":"info","ts":1775216170.670255,"caller":"salon_db/middlware.go:47","msg":"completed request","method":"POST","path":"/users","status":500,"duration":0.001415942}
{"level":"info","ts":1775216178.671693,"caller":"salon_db/middlware.go:47","msg":"completed request","method":"GET","path":"/users","status":500,"duration":0.000074616}
{"level":"info","ts":1775216416.7120414,"caller":"salon_db/user.go:183","msg":"User ID","user_id":"884d2ceb-99ce-4f79-bea8-bbc8765714c9"}
{"level":"info","ts":1775216420.7533827,"caller":"salon_db/middlware.go:47","msg":"completed request","method":"GET","path":"/users","status":200,"duration":4.041346612}
{"level":"info","ts":1775216878.0319016,"caller":"salon_db/user.go:183","msg":"User ID","user_id":"83616155-046a-4b6f-98dd-9316b7045517"}
{"level":"info","ts":1775216882.0352156,"caller":"salon_db/middlware.go:47","msg":"completed request","method":"GET","path":"/users","status":200,"duration":4.003317293}
{"level":"info","ts":1775219386.9577796,"caller":"salon_db/user.go:184","msg":"User ID","user_id":"6a91504d-059f-4e29-a766-a8354f1cccd9"}
{"level":"warn","ts":1775219389.9598832,"caller":"salon_db/user.go:194","msg":"request cancelled or timed out","error":"context deadline exceeded"}
{"level":"info","ts":1775219389.9602604,"caller":"salon_db/middlware.go:47","msg":"completed request","method":"GET","path":"/users","status":408,"duration":3.002485678}
{"level":"info","ts":1775219395.4930048,"caller":"salon_db/user.go:184","msg":"User ID","user_id":"dfbb33c7-031b-4516-bce5-cce8e5d36199"}
{"level":"warn","ts":1775219398.4951942,"caller":"salon_db/user.go:194","msg":"request cancelled or timed out","error":"context deadline exceeded"}
{"level":"info","ts":1775219398.4954438,"caller":"salon_db/middlware.go:47","msg":"completed request","method":"GET","path":"/users","status":408,"duration":3.00246956}
{"level":"info","ts":1775221605.8066645,"caller":"salon_db/user.go:184","msg":"User ID","user_id":"ba8617a9-84a1-48c8-bfff-3fc0fc26f24f"}
{"level":"warn","ts":1775221608.8087647,"caller":"salon_db/user.go:194","msg":"request cancelled or timed out","error":"context deadline exceeded"}
{"level":"info","ts":1775221608.8097658,"caller":"salon_db/middlware.go:47","msg":"completed request","method":"GET","path":"/users","status":408,"duration":3.003103807}
{"level":"info","ts":1775223080.5425835,"caller":"salon_db/main.go:79","msg":"pprof running on :6060"}
